[0m13:58:11.019545 [debug] [MainThread]: Sending event: {'category': 'dbt', 'action': 'invocation', 'label': 'start', 'context': [<snowplow_tracker.self_describing_json.SelfDescribingJson object at 0x0000012E95447130>, <snowplow_tracker.self_describing_json.SelfDescribingJson object at 0x0000012E96794DF0>, <snowplow_tracker.self_describing_json.SelfDescribingJson object at 0x0000012E96794BE0>]}


============================== 13:58:11.022499 | c5f753ef-bc79-4987-aeca-d6cb6746f615 ==============================
[0m13:58:11.022499 [info ] [MainThread]: Running with dbt=1.11.7
[0m13:58:11.022499 [debug] [MainThread]: running dbt with arguments {'version_check': 'True', 'no_print': 'None', 'static_parser': 'True', 'warn_error_options': 'WarnErrorOptionsV2(error=[], warn=[], silence=[])', 'target_path': 'None', 'printer_width': '80', 'write_json': 'True', 'empty': 'None', 'log_cache_events': 'False', 'introspect': 'True', 'cache_selected_only': 'False', 'log_format': 'default', 'debug': 'False', 'fail_fast': 'False', 'profiles_dir': 'C:\\Users\\Admin\\.dbt', 'send_anonymous_usage_stats': 'True', 'quiet': 'False', 'warn_error': 'None', 'partial_parse': 'True', 'indirect_selection': 'eager', 'invocation_command': 'dbt init', 'use_colors': 'True', 'use_experimental_parser': 'False', 'log_path': 'logs'}
[0m13:58:11.037286 [info ] [MainThread]: Creating dbt configuration folder at C:\Users\Admin\.dbt
[0m13:59:12.693298 [debug] [MainThread]: Starter project path: e:\AWS_DBT_snowflake\.venv\lib\site-packages\dbt\include\starter_project
[0m13:59:12.753294 [info ] [MainThread]: 
Your new dbt project "aws_dbt_snowflake_project" was created!

For more information on how to configure the profiles.yml file,
please consult the dbt documentation here:

  https://docs.getdbt.com/docs/configure-your-profile

One more thing:

Need help? Don't hesitate to reach out to us via GitHub issues or on Slack:

  https://community.getdbt.com/

Happy modeling!

[0m13:59:12.753294 [info ] [MainThread]: Setting up your profile.
[0m13:59:20.838709 [debug] [MainThread]: Snowflake adapter: Setting snowflake.connector to ERROR (file logging only)
[0m13:59:20.838709 [debug] [MainThread]: Snowflake adapter: Setting botocore to ERROR (file logging only)
[0m13:59:20.838709 [debug] [MainThread]: Snowflake adapter: Setting boto3 to ERROR (file logging only)
[0m14:04:05.696170 [info ] [MainThread]: Profile aws_dbt_snowflake_project written to C:\Users\Admin\.dbt\profiles.yml using target's profile_template.yml and your supplied values. Run 'dbt debug' to validate the connection.
[0m14:04:05.696170 [debug] [MainThread]: Command `dbt init` succeeded at 14:04:05.696170 after 354.76 seconds
[0m14:04:05.696170 [debug] [MainThread]: Sending event: {'category': 'dbt', 'action': 'invocation', 'label': 'end', 'context': [<snowplow_tracker.self_describing_json.SelfDescribingJson object at 0x0000012E95447130>, <snowplow_tracker.self_describing_json.SelfDescribingJson object at 0x0000012E96794B20>, <snowplow_tracker.self_describing_json.SelfDescribingJson object at 0x0000012E96794DF0>]}
[0m14:04:05.696170 [debug] [MainThread]: Flushing usage events
[0m14:04:07.876300 [debug] [MainThread]: An error was encountered while trying to flush usage events
